<?xml version="1.0" encoding="UTF-8" ?>
<testsuite failures="0" time="7.037" errors="0" skipped="0" tests="9" name="nl.svenvintges.TimerIntegrationTest">
  <properties>
[...]
</properties>
  <testcase time="5.281" classname="nl.svenvintges.TimerIntegrationTest" name="testMarkerMethod"/>
  <testcase time="0.473" classname="nl.svenvintges.TimerIntegrationTest" name="testCountTimers"/>
  <testcase time="0.061" classname="nl.svenvintges.TimerIntegrationTest" name="testFindTimer"/>
  <testcase time="0.031" classname="nl.svenvintges.TimerIntegrationTest" name="testFindAllTimers"/>
  <testcase time="0.031" classname="nl.svenvintges.TimerIntegrationTest" name="testFindTimerEntries"/>
  <testcase time="0.032" classname="nl.svenvintges.TimerIntegrationTest" name="testFlush"/>
  <testcase time="0.031" classname="nl.svenvintges.TimerIntegrationTest" name="testMerge"/>
  <testcase time="0.029" classname="nl.svenvintges.TimerIntegrationTest" name="testPersist"/>
  <testcase time="0.04" classname="nl.svenvintges.TimerIntegrationTest" name="testRemove"/>
</testsuite>